<?xml version="1.0" encoding="UTF-8" ?>
<testsuite failures="0" time="0.881" errors="0" skipped="0" tests="6" name="org.n10.codestory.s03e01.core.DirectElevatorTest">
  <properties>
    <property name="java.runtime.name" value="Java(TM) SE Runtime Environment"/>
    <property name="sun.boot.library.path" value="C:\Program Files\Java\jdk1.7.0_17\jre\bin"/>
    <property name="java.vm.version" value="23.7-b01"/>
    <property name="java.vm.vendor" value="Oracle Corporation"/>
    <property name="java.vendor.url" value="http://java.oracle.com/"/>
    <property name="path.separator" value=";"/>
    <property name="java.vm.name" value="Java HotSpot(TM) 64-Bit Server VM"/>
    <property name="file.encoding.pkg" value="sun.io"/>
    <property name="user.script" value=""/>
    <property name="user.country" value="FR"/>
    <property name="sun.java.launcher" value="SUN_STANDARD"/>
    <property name="sun.os.patch.level" value="Service Pack 1"/>
    <property name="java.vm.specification.name" value="Java Virtual Machine Specification"/>
    <property name="user.dir" value="D:\codestory-s03e01\core"/>
    <property name="java.runtime.version" value="1.7.0_17-b02"/>
    <property name="java.awt.graphicsenv" value="sun.awt.Win32GraphicsEnvironment"/>
    <property name="basedir" value="D:\codestory-s03e01\core"/>
    <property name="java.endorsed.dirs" value="C:\Program Files\Java\jdk1.7.0_17\jre\lib\endorsed"/>
    <property name="os.arch" value="amd64"/>
    <property name="surefire.real.class.path" value="D:\codestory-s03e01\core\target\surefire\surefirebooter4235434412500359594.jar"/>
    <property name="java.io.tmpdir" value="C:\Users\GUILLA~1\AppData\Local\Temp\"/>
    <property name="line.separator" value="
"/>
    <property name="java.vm.specification.vendor" value="Oracle Corporation"/>
    <property name="user.variant" value=""/>
    <property name="os.name" value="Windows 7"/>
    <property name="sun.jnu.encoding" value="Cp1252"/>
    <property name="java.library.path" value="C:\Program Files\Java\jdk1.7.0_17\jre\bin;C:\Windows\Sun\Java\bin;C:\Windows\system32;C:\Windows;C:\Program Files\Java\jdk1.7.0_17\bin;C:\Program Files (x86)\sbt;D:\Play\play-1.2.5;C:\Program Files\Common Files\Microsoft Shared\Windows Live;C:\Program Files (x86)\Common Files\Microsoft Shared\Windows Live;D:\Maven\apache-maven-3.0.3\bin;C:\Program Files (x86)\PC Connectivity Solution\;C:\Program Files (x86)\Java\jdk1.6.0_20\bin;C:\Program Files (x86)\NVIDIA Corporation\PhysX\Common;C:\Windows\system32;C:\Windows;C:\Windows\System32\Wbem;C:\Windows\System32\WindowsPowerShell\v1.0\;C:\Program Files\TortoiseSVN\bin;C:\Program Files (x86)\QuickTime\QTSystem\;C:\Program Files (x86)\Windows Live\Shared;."/>
    <property name="surefire.test.class.path" value="D:\codestory-s03e01\core\target\test-classes;D:\codestory-s03e01\core\target\classes;D:\codestory-s03e01\api\target\codestory-s03e01-api-1.0-SNAPSHOT.jar;D:\m2\repo\com\google\guava\guava\15.0\guava-15.0.jar;D:\m2\repo\junit\junit\4.11\junit-4.11.jar;D:\m2\repo\org\hamcrest\hamcrest-core\1.3\hamcrest-core-1.3.jar;D:\m2\repo\org\easytesting\fest-assert\1.4\fest-assert-1.4.jar;D:\m2\repo\org\easytesting\fest-util\1.1.6\fest-util-1.1.6.jar;"/>
    <property name="java.specification.name" value="Java Platform API Specification"/>
    <property name="java.class.version" value="51.0"/>
    <property name="sun.management.compiler" value="HotSpot 64-Bit Tiered Compilers"/>
    <property name="os.version" value="6.1"/>
    <property name="user.home" value="C:\Users\Guillaume"/>
    <property name="user.timezone" value=""/>
    <property name="java.awt.printerjob" value="sun.awt.windows.WPrinterJob"/>
    <property name="java.specification.version" value="1.7"/>
    <property name="file.encoding" value="Cp1252"/>
    <property name="user.name" value="Guillaume"/>
    <property name="java.class.path" value="D:\codestory-s03e01\core\target\test-classes;D:\codestory-s03e01\core\target\classes;D:\codestory-s03e01\api\target\codestory-s03e01-api-1.0-SNAPSHOT.jar;D:\m2\repo\com\google\guava\guava\15.0\guava-15.0.jar;D:\m2\repo\junit\junit\4.11\junit-4.11.jar;D:\m2\repo\org\hamcrest\hamcrest-core\1.3\hamcrest-core-1.3.jar;D:\m2\repo\org\easytesting\fest-assert\1.4\fest-assert-1.4.jar;D:\m2\repo\org\easytesting\fest-util\1.1.6\fest-util-1.1.6.jar;"/>
    <property name="java.vm.specification.version" value="1.7"/>
    <property name="sun.arch.data.model" value="64"/>
    <property name="java.home" value="C:\Program Files\Java\jdk1.7.0_17\jre"/>
    <property name="sun.java.command" value="D:\codestory-s03e01\core\target\surefire\surefirebooter4235434412500359594.jar D:\codestory-s03e01\core\target\surefire\surefire596704682438784985tmp D:\codestory-s03e01\core\target\surefire\surefire1940036369993406588tmp"/>
    <property name="java.specification.vendor" value="Oracle Corporation"/>
    <property name="user.language" value="fr"/>
    <property name="awt.toolkit" value="sun.awt.windows.WToolkit"/>
    <property name="java.vm.info" value="mixed mode"/>
    <property name="java.version" value="1.7.0_17"/>
    <property name="java.ext.dirs" value="C:\Program Files\Java\jdk1.7.0_17\jre\lib\ext;C:\Windows\Sun\Java\lib\ext"/>
    <property name="sun.boot.class.path" value="C:\Program Files\Java\jdk1.7.0_17\jre\lib\resources.jar;C:\Program Files\Java\jdk1.7.0_17\jre\lib\rt.jar;C:\Program Files\Java\jdk1.7.0_17\jre\lib\sunrsasign.jar;C:\Program Files\Java\jdk1.7.0_17\jre\lib\jsse.jar;C:\Program Files\Java\jdk1.7.0_17\jre\lib\jce.jar;C:\Program Files\Java\jdk1.7.0_17\jre\lib\charsets.jar;C:\Program Files\Java\jdk1.7.0_17\jre\lib\jfr.jar;C:\Program Files\Java\jdk1.7.0_17\jre\classes"/>
    <property name="java.vendor" value="Oracle Corporation"/>
    <property name="localRepository" value="D:\m2\repo"/>
    <property name="file.separator" value="\"/>
    <property name="java.vendor.url.bug" value="http://bugreport.sun.com/bugreport/"/>
    <property name="sun.cpu.endian" value="little"/>
    <property name="sun.io.unicode.encoding" value="UnicodeLittle"/>
    <property name="sun.desktop" value="windows"/>
    <property name="sun.cpu.isalist" value="amd64"/>
  </properties>
  <testcase time="0.012" classname="org.n10.codestory.s03e01.core.DirectElevatorTest" name="shouldGoToGo"/>
  <testcase time="0.542" classname="org.n10.codestory.s03e01.core.DirectElevatorTest" name="shouldGoThroughTheWholeTreeSet"/>
  <testcase time="0.001" classname="org.n10.codestory.s03e01.core.DirectElevatorTest" name="shouldGoThroughTheWholeSet"/>
  <testcase time="0.001" classname="org.n10.codestory.s03e01.core.DirectElevatorTest" name="shouldGoToCall"/>
  <testcase time="0" classname="org.n10.codestory.s03e01.core.DirectElevatorTest" name="shouldGoThroughTheWholeList"/>
  <testcase time="0" classname="org.n10.codestory.s03e01.core.DirectElevatorTest" name="shouldDoNothingAtStart"/>
</testsuite>